2 38 2 38
input error
not found
not found
2 38 2 38
input error
12 41 48 77
2 38 2 38
input error
not found
not found
2 38 2 38
input error
not found
not found
64 1 29 36
2 38 2 38
input error
2 38 2 38
input error
13 3 65 55
not found
2 38 2 38
input error
not found
-50 -62 -1 -62
2 38 2 38
input error
54 1 54 -59
2 38 2 38
input error
2 38 2 38
input error
2 38 2 38
input error
2 38 2 38
input error
not found
not found
65 38 31 4
2 38 2 38
input error
2 25 2 25
-18 -68 -8 -68
7 66 65 8
not found
not found
22 61 37 61
2 38 2 38
input error
24 12 65 53
65 53 44 74
not found
not found
not found
16 43 58 1
